<?xml version="1.0" encoding="UTF-8"?>
<!-- Generated by org.testng.reporters.JUnitReportReporter -->
<testsuite hostname="HP_WhitePearl" name="basic5" tests="1" failures="0" timestamp="29 Jul 2019 19:10:40 GMT" time="11.343" errors="0">
  <testcase name="Test1" time="11.343" classname="basic5"/>
</testsuite> <!-- basic5 -->
