<?xml version="1.0" encoding="UTF-8"?>
<!-- Generated by org.testng.reporters.JUnitReportReporter -->
<testsuite hostname="HP_WhitePearl" name="JiraTestBasic1" tests="1" failures="0" timestamp="4 Aug 2019 20:00:07 GMT" time="37.094" errors="0">
  <testcase name="updateCommentForIssueInJira" time="37.094" classname="JiraTestBasic1"/>
</testsuite> <!-- JiraTestBasic1 -->
