<?xml version="1.0" encoding="UTF-8"?>
<!-- Generated by org.testng.reporters.JUnitReportReporter -->
<testsuite hostname="HP_WhitePearl" name="demoPackage.basic4" tests="1" failures="0" timestamp="7 Aug 2019 19:35:52 GMT" time="0.894" errors="0">
  <testcase name="test" time="0.894" classname="demoPackage.basic4"/>
</testsuite> <!-- demoPackage.basic4 -->
