<?xml version="1.0" encoding="UTF-8"?>
<!-- Generated by org.testng.reporters.JUnitReportReporter -->
<testsuite hostname="HP_WhitePearl" name="basic3" tests="1" failures="0" timestamp="28 Jul 2019 23:31:53 GMT" time="7.647" errors="0">
  <testcase name="AddandDeletePlace" time="7.647" classname="basic3"/>
</testsuite> <!-- basic3 -->
