<?xml version="1.0" encoding="UTF-8"?>
<!-- Generated by org.testng.reporters.JUnitReportReporter -->
<testsuite hostname="HP_WhitePearl" name="basic4" tests="1" failures="0" timestamp="29 Jul 2019 18:34:44 GMT" time="4.391" errors="0">
  <testcase name="test" time="4.391" classname="basic4"/>
</testsuite> <!-- basic4 -->
