<?xml version="1.0" encoding="UTF-8"?>
<!-- Generated by org.testng.reporters.JUnitReportReporter -->
<testsuite hostname="HP_WhitePearl" name="basic" tests="1" failures="0" timestamp="3 Aug 2019 17:51:20 GMT" time="8.188" errors="0">
  <testcase name="Test1" time="8.188" classname="basic"/>
</testsuite> <!-- basic -->
