<?xml version="1.0" encoding="UTF-8"?>
<!-- Generated by org.testng.reporters.JUnitReportReporter -->
<testsuite hostname="HP_WhitePearl" name="basic2" tests="1" failures="0" timestamp="28 Jul 2019 22:39:27 GMT" time="5.119" errors="0">
  <testcase name="test" time="5.119" classname="basic2"/>
</testsuite> <!-- basic2 -->
